CRITICAL - 2023-02-24 13:29:57 --> syntax error, unexpected token "}"
in APPPATH\Controllers\categoryController.php on line 9.
 1 SYSTEMPATH\Autoloader\Autoloader.php(289): CodeIgniter\Autoloader\Autoloader->includeFile('APPPATH\\Controllers\\categoryController.php')
 2 SYSTEMPATH\Autoloader\Autoloader.php(267): CodeIgniter\Autoloader\Autoloader->loadInNamespace('App\\Controllers\\categoryController')
 3 [internal function]: CodeIgniter\Autoloader\Autoloader->loadClass('App\\Controllers\\categoryController')
 4 SYSTEMPATH\CodeIgniter.php(892): class_exists('\\App\\Controllers\\categoryController', true)
 5 SYSTEMPATH\CodeIgniter.php(486): CodeIgniter\CodeIgniter->startController()
 6 SYSTEMPATH\CodeIgniter.php(368): CodeIgniter\CodeIgniter->handleRequest(null, Object(Config\Cache), false)
 7 FCPATH\index.php(67): CodeIgniter\CodeIgniter->run()
CRITICAL - 2023-02-24 13:36:16 --> Invalid file: "templates/main.php"
in SYSTEMPATH\Exceptions\FrameworkException.php on line 33.
 1 SYSTEMPATH\View\View.php(201): CodeIgniter\Exceptions\FrameworkException::forInvalidFile('templates/main.php')
 2 SYSTEMPATH\Common.php(1184): CodeIgniter\View\View->render('templates/main', [], true)
 3 APPPATH\Controllers\categoryController.php(11): view('templates/main', [...])
 4 SYSTEMPATH\CodeIgniter.php(934): App\Controllers\categoryController->index()
 5 SYSTEMPATH\CodeIgniter.php(499): CodeIgniter\CodeIgniter->runController(Object(App\Controllers\categoryController))
 6 SYSTEMPATH\CodeIgniter.php(368): CodeIgniter\CodeIgniter->handleRequest(null, Object(Config\Cache), false)
 7 FCPATH\index.php(67): CodeIgniter\CodeIgniter->run()
CRITICAL - 2023-02-24 13:36:17 --> Invalid file: "templates/main.php"
in SYSTEMPATH\Exceptions\FrameworkException.php on line 33.
 1 SYSTEMPATH\View\View.php(201): CodeIgniter\Exceptions\FrameworkException::forInvalidFile('templates/main.php')
 2 SYSTEMPATH\Common.php(1184): CodeIgniter\View\View->render('templates/main', [], true)
 3 APPPATH\Controllers\categoryController.php(11): view('templates/main', [...])
 4 SYSTEMPATH\CodeIgniter.php(934): App\Controllers\categoryController->index()
 5 SYSTEMPATH\CodeIgniter.php(499): CodeIgniter\CodeIgniter->runController(Object(App\Controllers\categoryController))
 6 SYSTEMPATH\CodeIgniter.php(368): CodeIgniter\CodeIgniter->handleRequest(null, Object(Config\Cache), false)
 7 FCPATH\index.php(67): CodeIgniter\CodeIgniter->run()
CRITICAL - 2023-02-24 13:36:18 --> Invalid file: "templates/main.php"
in SYSTEMPATH\Exceptions\FrameworkException.php on line 33.
 1 SYSTEMPATH\View\View.php(201): CodeIgniter\Exceptions\FrameworkException::forInvalidFile('templates/main.php')
 2 SYSTEMPATH\Common.php(1184): CodeIgniter\View\View->render('templates/main', [], true)
 3 APPPATH\Controllers\categoryController.php(11): view('templates/main', [...])
 4 SYSTEMPATH\CodeIgniter.php(934): App\Controllers\categoryController->index()
 5 SYSTEMPATH\CodeIgniter.php(499): CodeIgniter\CodeIgniter->runController(Object(App\Controllers\categoryController))
 6 SYSTEMPATH\CodeIgniter.php(368): CodeIgniter\CodeIgniter->handleRequest(null, Object(Config\Cache), false)
 7 FCPATH\index.php(67): CodeIgniter\CodeIgniter->run()
CRITICAL - 2023-02-24 13:37:00 --> Invalid file: "crud/index_crud.php"
in SYSTEMPATH\Exceptions\FrameworkException.php on line 33.
 1 SYSTEMPATH\View\View.php(201): CodeIgniter\Exceptions\FrameworkException::forInvalidFile('crud/index_crud.php')
 2 SYSTEMPATH\Common.php(1184): CodeIgniter\View\View->render('crud/index_crud', [], true)
 3 APPPATH\Views\templates\main.php(12): view('crud/index_crud')
 4 SYSTEMPATH\View\View.php(213): include('APPPATH\\Views\\templates\\main.php')
 5 SYSTEMPATH\View\View.php(216): CodeIgniter\View\View->CodeIgniter\View\{closure}()
 6 SYSTEMPATH\Common.php(1184): CodeIgniter\View\View->render('templates/main', [], true)
 7 APPPATH\Controllers\categoryController.php(11): view('templates/main', [...])
 8 SYSTEMPATH\CodeIgniter.php(934): App\Controllers\categoryController->index()
 9 SYSTEMPATH\CodeIgniter.php(499): CodeIgniter\CodeIgniter->runController(Object(App\Controllers\categoryController))
10 SYSTEMPATH\CodeIgniter.php(368): CodeIgniter\CodeIgniter->handleRequest(null, Object(Config\Cache), false)
11 FCPATH\index.php(67): CodeIgniter\CodeIgniter->run()
CRITICAL - 2023-02-24 13:37:01 --> Invalid file: "crud/index_crud.php"
in SYSTEMPATH\Exceptions\FrameworkException.php on line 33.
 1 SYSTEMPATH\View\View.php(201): CodeIgniter\Exceptions\FrameworkException::forInvalidFile('crud/index_crud.php')
 2 SYSTEMPATH\Common.php(1184): CodeIgniter\View\View->render('crud/index_crud', [], true)
 3 APPPATH\Views\templates\main.php(12): view('crud/index_crud')
 4 SYSTEMPATH\View\View.php(213): include('APPPATH\\Views\\templates\\main.php')
 5 SYSTEMPATH\View\View.php(216): CodeIgniter\View\View->CodeIgniter\View\{closure}()
 6 SYSTEMPATH\Common.php(1184): CodeIgniter\View\View->render('templates/main', [], true)
 7 APPPATH\Controllers\categoryController.php(11): view('templates/main', [...])
 8 SYSTEMPATH\CodeIgniter.php(934): App\Controllers\categoryController->index()
 9 SYSTEMPATH\CodeIgniter.php(499): CodeIgniter\CodeIgniter->runController(Object(App\Controllers\categoryController))
10 SYSTEMPATH\CodeIgniter.php(368): CodeIgniter\CodeIgniter->handleRequest(null, Object(Config\Cache), false)
11 FCPATH\index.php(67): CodeIgniter\CodeIgniter->run()
CRITICAL - 2023-02-24 13:38:49 --> Invalid file: "crud/index_crud.php"
in SYSTEMPATH\Exceptions\FrameworkException.php on line 33.
 1 SYSTEMPATH\View\View.php(201): CodeIgniter\Exceptions\FrameworkException::forInvalidFile('crud/index_crud.php')
 2 SYSTEMPATH\Common.php(1184): CodeIgniter\View\View->render('crud/index_crud', [], true)
 3 APPPATH\Views\templates\main.php(12): view('crud/index_crud')
 4 SYSTEMPATH\View\View.php(213): include('APPPATH\\Views\\templates\\main.php')
 5 SYSTEMPATH\View\View.php(216): CodeIgniter\View\View->CodeIgniter\View\{closure}()
 6 SYSTEMPATH\Common.php(1184): CodeIgniter\View\View->render('templates/main', [], true)
 7 APPPATH\Controllers\categoryController.php(11): view('templates/main', [...])
 8 SYSTEMPATH\CodeIgniter.php(934): App\Controllers\categoryController->index()
 9 SYSTEMPATH\CodeIgniter.php(499): CodeIgniter\CodeIgniter->runController(Object(App\Controllers\categoryController))
10 SYSTEMPATH\CodeIgniter.php(368): CodeIgniter\CodeIgniter->handleRequest(null, Object(Config\Cache), false)
11 FCPATH\index.php(67): CodeIgniter\CodeIgniter->run()
CRITICAL - 2023-02-24 14:00:26 --> Invalid file: "category/category_data.php"
in SYSTEMPATH\Exceptions\FrameworkException.php on line 33.
 1 SYSTEMPATH\View\View.php(201): CodeIgniter\Exceptions\FrameworkException::forInvalidFile('category/category_data.php')
 2 SYSTEMPATH\Common.php(1184): CodeIgniter\View\View->render('category/category_data', [], true)
 3 APPPATH\Views\templates\main.php(12): view('category/category_data')
 4 SYSTEMPATH\View\View.php(213): include('APPPATH\\Views\\templates\\main.php')
 5 SYSTEMPATH\View\View.php(216): CodeIgniter\View\View->CodeIgniter\View\{closure}()
 6 SYSTEMPATH\Common.php(1184): CodeIgniter\View\View->render('templates/main', [], true)
 7 APPPATH\Controllers\categoryController.php(11): view('templates/main', [...])
 8 SYSTEMPATH\CodeIgniter.php(934): App\Controllers\categoryController->index()
 9 SYSTEMPATH\CodeIgniter.php(499): CodeIgniter\CodeIgniter->runController(Object(App\Controllers\categoryController))
10 SYSTEMPATH\CodeIgniter.php(368): CodeIgniter\CodeIgniter->handleRequest(null, Object(Config\Cache), false)
11 FCPATH\index.php(67): CodeIgniter\CodeIgniter->run()
CRITICAL - 2023-02-24 14:00:34 --> Invalid file: "category/category_data.php"
in SYSTEMPATH\Exceptions\FrameworkException.php on line 33.
 1 SYSTEMPATH\View\View.php(201): CodeIgniter\Exceptions\FrameworkException::forInvalidFile('category/category_data.php')
 2 SYSTEMPATH\Common.php(1184): CodeIgniter\View\View->render('category/category_data', [], true)
 3 APPPATH\Views\templates\main.php(12): view('category/category_data')
 4 SYSTEMPATH\View\View.php(213): include('APPPATH\\Views\\templates\\main.php')
 5 SYSTEMPATH\View\View.php(216): CodeIgniter\View\View->CodeIgniter\View\{closure}()
 6 SYSTEMPATH\Common.php(1184): CodeIgniter\View\View->render('templates/main', [], true)
 7 APPPATH\Controllers\categoryController.php(11): view('templates/main', [...])
 8 SYSTEMPATH\CodeIgniter.php(934): App\Controllers\categoryController->index()
 9 SYSTEMPATH\CodeIgniter.php(499): CodeIgniter\CodeIgniter->runController(Object(App\Controllers\categoryController))
10 SYSTEMPATH\CodeIgniter.php(368): CodeIgniter\CodeIgniter->handleRequest(null, Object(Config\Cache), false)
11 FCPATH\index.php(67): CodeIgniter\CodeIgniter->run()
CRITICAL - 2023-02-24 14:00:34 --> Invalid file: "category/category_data.php"
in SYSTEMPATH\Exceptions\FrameworkException.php on line 33.
 1 SYSTEMPATH\View\View.php(201): CodeIgniter\Exceptions\FrameworkException::forInvalidFile('category/category_data.php')
 2 SYSTEMPATH\Common.php(1184): CodeIgniter\View\View->render('category/category_data', [], true)
 3 APPPATH\Views\templates\main.php(12): view('category/category_data')
 4 SYSTEMPATH\View\View.php(213): include('APPPATH\\Views\\templates\\main.php')
 5 SYSTEMPATH\View\View.php(216): CodeIgniter\View\View->CodeIgniter\View\{closure}()
 6 SYSTEMPATH\Common.php(1184): CodeIgniter\View\View->render('templates/main', [], true)
 7 APPPATH\Controllers\categoryController.php(11): view('templates/main', [...])
 8 SYSTEMPATH\CodeIgniter.php(934): App\Controllers\categoryController->index()
 9 SYSTEMPATH\CodeIgniter.php(499): CodeIgniter\CodeIgniter->runController(Object(App\Controllers\categoryController))
10 SYSTEMPATH\CodeIgniter.php(368): CodeIgniter\CodeIgniter->handleRequest(null, Object(Config\Cache), false)
11 FCPATH\index.php(67): CodeIgniter\CodeIgniter->run()
CRITICAL - 2023-02-24 14:00:35 --> Invalid file: "category/category_data.php"
in SYSTEMPATH\Exceptions\FrameworkException.php on line 33.
 1 SYSTEMPATH\View\View.php(201): CodeIgniter\Exceptions\FrameworkException::forInvalidFile('category/category_data.php')
 2 SYSTEMPATH\Common.php(1184): CodeIgniter\View\View->render('category/category_data', [], true)
 3 APPPATH\Views\templates\main.php(12): view('category/category_data')
 4 SYSTEMPATH\View\View.php(213): include('APPPATH\\Views\\templates\\main.php')
 5 SYSTEMPATH\View\View.php(216): CodeIgniter\View\View->CodeIgniter\View\{closure}()
 6 SYSTEMPATH\Common.php(1184): CodeIgniter\View\View->render('templates/main', [], true)
 7 APPPATH\Controllers\categoryController.php(11): view('templates/main', [...])
 8 SYSTEMPATH\CodeIgniter.php(934): App\Controllers\categoryController->index()
 9 SYSTEMPATH\CodeIgniter.php(499): CodeIgniter\CodeIgniter->runController(Object(App\Controllers\categoryController))
10 SYSTEMPATH\CodeIgniter.php(368): CodeIgniter\CodeIgniter->handleRequest(null, Object(Config\Cache), false)
11 FCPATH\index.php(67): CodeIgniter\CodeIgniter->run()
CRITICAL - 2023-02-24 14:00:35 --> Invalid file: "category/category_data.php"
in SYSTEMPATH\Exceptions\FrameworkException.php on line 33.
 1 SYSTEMPATH\View\View.php(201): CodeIgniter\Exceptions\FrameworkException::forInvalidFile('category/category_data.php')
 2 SYSTEMPATH\Common.php(1184): CodeIgniter\View\View->render('category/category_data', [], true)
 3 APPPATH\Views\templates\main.php(12): view('category/category_data')
 4 SYSTEMPATH\View\View.php(213): include('APPPATH\\Views\\templates\\main.php')
 5 SYSTEMPATH\View\View.php(216): CodeIgniter\View\View->CodeIgniter\View\{closure}()
 6 SYSTEMPATH\Common.php(1184): CodeIgniter\View\View->render('templates/main', [], true)
 7 APPPATH\Controllers\categoryController.php(11): view('templates/main', [...])
 8 SYSTEMPATH\CodeIgniter.php(934): App\Controllers\categoryController->index()
 9 SYSTEMPATH\CodeIgniter.php(499): CodeIgniter\CodeIgniter->runController(Object(App\Controllers\categoryController))
10 SYSTEMPATH\CodeIgniter.php(368): CodeIgniter\CodeIgniter->handleRequest(null, Object(Config\Cache), false)
11 FCPATH\index.php(67): CodeIgniter\CodeIgniter->run()
CRITICAL - 2023-02-24 14:00:35 --> Invalid file: "category/category_data.php"
in SYSTEMPATH\Exceptions\FrameworkException.php on line 33.
 1 SYSTEMPATH\View\View.php(201): CodeIgniter\Exceptions\FrameworkException::forInvalidFile('category/category_data.php')
 2 SYSTEMPATH\Common.php(1184): CodeIgniter\View\View->render('category/category_data', [], true)
 3 APPPATH\Views\templates\main.php(12): view('category/category_data')
 4 SYSTEMPATH\View\View.php(213): include('APPPATH\\Views\\templates\\main.php')
 5 SYSTEMPATH\View\View.php(216): CodeIgniter\View\View->CodeIgniter\View\{closure}()
 6 SYSTEMPATH\Common.php(1184): CodeIgniter\View\View->render('templates/main', [], true)
 7 APPPATH\Controllers\categoryController.php(11): view('templates/main', [...])
 8 SYSTEMPATH\CodeIgniter.php(934): App\Controllers\categoryController->index()
 9 SYSTEMPATH\CodeIgniter.php(499): CodeIgniter\CodeIgniter->runController(Object(App\Controllers\categoryController))
10 SYSTEMPATH\CodeIgniter.php(368): CodeIgniter\CodeIgniter->handleRequest(null, Object(Config\Cache), false)
11 FCPATH\index.php(67): CodeIgniter\CodeIgniter->run()
CRITICAL - 2023-02-24 14:00:35 --> Invalid file: "category/category_data.php"
in SYSTEMPATH\Exceptions\FrameworkException.php on line 33.
 1 SYSTEMPATH\View\View.php(201): CodeIgniter\Exceptions\FrameworkException::forInvalidFile('category/category_data.php')
 2 SYSTEMPATH\Common.php(1184): CodeIgniter\View\View->render('category/category_data', [], true)
 3 APPPATH\Views\templates\main.php(12): view('category/category_data')
 4 SYSTEMPATH\View\View.php(213): include('APPPATH\\Views\\templates\\main.php')
 5 SYSTEMPATH\View\View.php(216): CodeIgniter\View\View->CodeIgniter\View\{closure}()
 6 SYSTEMPATH\Common.php(1184): CodeIgniter\View\View->render('templates/main', [], true)
 7 APPPATH\Controllers\categoryController.php(11): view('templates/main', [...])
 8 SYSTEMPATH\CodeIgniter.php(934): App\Controllers\categoryController->index()
 9 SYSTEMPATH\CodeIgniter.php(499): CodeIgniter\CodeIgniter->runController(Object(App\Controllers\categoryController))
10 SYSTEMPATH\CodeIgniter.php(368): CodeIgniter\CodeIgniter->handleRequest(null, Object(Config\Cache), false)
11 FCPATH\index.php(67): CodeIgniter\CodeIgniter->run()
CRITICAL - 2023-02-24 14:00:36 --> Invalid file: "category/category_data.php"
in SYSTEMPATH\Exceptions\FrameworkException.php on line 33.
 1 SYSTEMPATH\View\View.php(201): CodeIgniter\Exceptions\FrameworkException::forInvalidFile('category/category_data.php')
 2 SYSTEMPATH\Common.php(1184): CodeIgniter\View\View->render('category/category_data', [], true)
 3 APPPATH\Views\templates\main.php(12): view('category/category_data')
 4 SYSTEMPATH\View\View.php(213): include('APPPATH\\Views\\templates\\main.php')
 5 SYSTEMPATH\View\View.php(216): CodeIgniter\View\View->CodeIgniter\View\{closure}()
 6 SYSTEMPATH\Common.php(1184): CodeIgniter\View\View->render('templates/main', [], true)
 7 APPPATH\Controllers\categoryController.php(11): view('templates/main', [...])
 8 SYSTEMPATH\CodeIgniter.php(934): App\Controllers\categoryController->index()
 9 SYSTEMPATH\CodeIgniter.php(499): CodeIgniter\CodeIgniter->runController(Object(App\Controllers\categoryController))
10 SYSTEMPATH\CodeIgniter.php(368): CodeIgniter\CodeIgniter->handleRequest(null, Object(Config\Cache), false)
11 FCPATH\index.php(67): CodeIgniter\CodeIgniter->run()
CRITICAL - 2023-02-24 14:00:52 --> Invalid file: "category/category_data.php"
in SYSTEMPATH\Exceptions\FrameworkException.php on line 33.
 1 SYSTEMPATH\View\View.php(201): CodeIgniter\Exceptions\FrameworkException::forInvalidFile('category/category_data.php')
 2 SYSTEMPATH\Common.php(1184): CodeIgniter\View\View->render('category/category_data', [], true)
 3 APPPATH\Views\templates\main.php(12): view('category/category_data')
 4 SYSTEMPATH\View\View.php(213): include('APPPATH\\Views\\templates\\main.php')
 5 SYSTEMPATH\View\View.php(216): CodeIgniter\View\View->CodeIgniter\View\{closure}()
 6 SYSTEMPATH\Common.php(1184): CodeIgniter\View\View->render('templates/main', [], true)
 7 APPPATH\Controllers\categoryController.php(11): view('templates/main', [...])
 8 SYSTEMPATH\CodeIgniter.php(934): App\Controllers\categoryController->index()
 9 SYSTEMPATH\CodeIgniter.php(499): CodeIgniter\CodeIgniter->runController(Object(App\Controllers\categoryController))
10 SYSTEMPATH\CodeIgniter.php(368): CodeIgniter\CodeIgniter->handleRequest(null, Object(Config\Cache), false)
11 FCPATH\index.php(67): CodeIgniter\CodeIgniter->run()
CRITICAL - 2023-02-24 14:01:33 --> Invalid file: "category/category_data.php"
in SYSTEMPATH\Exceptions\FrameworkException.php on line 33.
 1 SYSTEMPATH\View\View.php(201): CodeIgniter\Exceptions\FrameworkException::forInvalidFile('category/category_data.php')
 2 SYSTEMPATH\Common.php(1184): CodeIgniter\View\View->render('category/category_data', [], true)
 3 APPPATH\Views\templates\main.php(12): view('category/category_data')
 4 SYSTEMPATH\View\View.php(213): include('APPPATH\\Views\\templates\\main.php')
 5 SYSTEMPATH\View\View.php(216): CodeIgniter\View\View->CodeIgniter\View\{closure}()
 6 SYSTEMPATH\Common.php(1184): CodeIgniter\View\View->render('templates/main', [], true)
 7 APPPATH\Controllers\categoryController.php(11): view('templates/main', [...])
 8 SYSTEMPATH\CodeIgniter.php(934): App\Controllers\categoryController->index()
 9 SYSTEMPATH\CodeIgniter.php(499): CodeIgniter\CodeIgniter->runController(Object(App\Controllers\categoryController))
10 SYSTEMPATH\CodeIgniter.php(368): CodeIgniter\CodeIgniter->handleRequest(null, Object(Config\Cache), false)
11 FCPATH\index.php(67): CodeIgniter\CodeIgniter->run()
CRITICAL - 2023-02-24 14:01:33 --> Invalid file: "category/category_data.php"
in SYSTEMPATH\Exceptions\FrameworkException.php on line 33.
 1 SYSTEMPATH\View\View.php(201): CodeIgniter\Exceptions\FrameworkException::forInvalidFile('category/category_data.php')
 2 SYSTEMPATH\Common.php(1184): CodeIgniter\View\View->render('category/category_data', [], true)
 3 APPPATH\Views\templates\main.php(12): view('category/category_data')
 4 SYSTEMPATH\View\View.php(213): include('APPPATH\\Views\\templates\\main.php')
 5 SYSTEMPATH\View\View.php(216): CodeIgniter\View\View->CodeIgniter\View\{closure}()
 6 SYSTEMPATH\Common.php(1184): CodeIgniter\View\View->render('templates/main', [], true)
 7 APPPATH\Controllers\categoryController.php(11): view('templates/main', [...])
 8 SYSTEMPATH\CodeIgniter.php(934): App\Controllers\categoryController->index()
 9 SYSTEMPATH\CodeIgniter.php(499): CodeIgniter\CodeIgniter->runController(Object(App\Controllers\categoryController))
10 SYSTEMPATH\CodeIgniter.php(368): CodeIgniter\CodeIgniter->handleRequest(null, Object(Config\Cache), false)
11 FCPATH\index.php(67): CodeIgniter\CodeIgniter->run()
CRITICAL - 2023-02-24 14:01:34 --> Invalid file: "category/category_data.php"
in SYSTEMPATH\Exceptions\FrameworkException.php on line 33.
 1 SYSTEMPATH\View\View.php(201): CodeIgniter\Exceptions\FrameworkException::forInvalidFile('category/category_data.php')
 2 SYSTEMPATH\Common.php(1184): CodeIgniter\View\View->render('category/category_data', [], true)
 3 APPPATH\Views\templates\main.php(12): view('category/category_data')
 4 SYSTEMPATH\View\View.php(213): include('APPPATH\\Views\\templates\\main.php')
 5 SYSTEMPATH\View\View.php(216): CodeIgniter\View\View->CodeIgniter\View\{closure}()
 6 SYSTEMPATH\Common.php(1184): CodeIgniter\View\View->render('templates/main', [], true)
 7 APPPATH\Controllers\categoryController.php(11): view('templates/main', [...])
 8 SYSTEMPATH\CodeIgniter.php(934): App\Controllers\categoryController->index()
 9 SYSTEMPATH\CodeIgniter.php(499): CodeIgniter\CodeIgniter->runController(Object(App\Controllers\categoryController))
10 SYSTEMPATH\CodeIgniter.php(368): CodeIgniter\CodeIgniter->handleRequest(null, Object(Config\Cache), false)
11 FCPATH\index.php(67): CodeIgniter\CodeIgniter->run()
CRITICAL - 2023-02-24 14:01:34 --> Invalid file: "category/category_data.php"
in SYSTEMPATH\Exceptions\FrameworkException.php on line 33.
 1 SYSTEMPATH\View\View.php(201): CodeIgniter\Exceptions\FrameworkException::forInvalidFile('category/category_data.php')
 2 SYSTEMPATH\Common.php(1184): CodeIgniter\View\View->render('category/category_data', [], true)
 3 APPPATH\Views\templates\main.php(12): view('category/category_data')
 4 SYSTEMPATH\View\View.php(213): include('APPPATH\\Views\\templates\\main.php')
 5 SYSTEMPATH\View\View.php(216): CodeIgniter\View\View->CodeIgniter\View\{closure}()
 6 SYSTEMPATH\Common.php(1184): CodeIgniter\View\View->render('templates/main', [], true)
 7 APPPATH\Controllers\categoryController.php(11): view('templates/main', [...])
 8 SYSTEMPATH\CodeIgniter.php(934): App\Controllers\categoryController->index()
 9 SYSTEMPATH\CodeIgniter.php(499): CodeIgniter\CodeIgniter->runController(Object(App\Controllers\categoryController))
10 SYSTEMPATH\CodeIgniter.php(368): CodeIgniter\CodeIgniter->handleRequest(null, Object(Config\Cache), false)
11 FCPATH\index.php(67): CodeIgniter\CodeIgniter->run()
CRITICAL - 2023-02-24 14:01:34 --> Invalid file: "category/category_data.php"
in SYSTEMPATH\Exceptions\FrameworkException.php on line 33.
 1 SYSTEMPATH\View\View.php(201): CodeIgniter\Exceptions\FrameworkException::forInvalidFile('category/category_data.php')
 2 SYSTEMPATH\Common.php(1184): CodeIgniter\View\View->render('category/category_data', [], true)
 3 APPPATH\Views\templates\main.php(12): view('category/category_data')
 4 SYSTEMPATH\View\View.php(213): include('APPPATH\\Views\\templates\\main.php')
 5 SYSTEMPATH\View\View.php(216): CodeIgniter\View\View->CodeIgniter\View\{closure}()
 6 SYSTEMPATH\Common.php(1184): CodeIgniter\View\View->render('templates/main', [], true)
 7 APPPATH\Controllers\categoryController.php(11): view('templates/main', [...])
 8 SYSTEMPATH\CodeIgniter.php(934): App\Controllers\categoryController->index()
 9 SYSTEMPATH\CodeIgniter.php(499): CodeIgniter\CodeIgniter->runController(Object(App\Controllers\categoryController))
10 SYSTEMPATH\CodeIgniter.php(368): CodeIgniter\CodeIgniter->handleRequest(null, Object(Config\Cache), false)
11 FCPATH\index.php(67): CodeIgniter\CodeIgniter->run()
CRITICAL - 2023-02-24 14:01:34 --> Invalid file: "category/category_data.php"
in SYSTEMPATH\Exceptions\FrameworkException.php on line 33.
 1 SYSTEMPATH\View\View.php(201): CodeIgniter\Exceptions\FrameworkException::forInvalidFile('category/category_data.php')
 2 SYSTEMPATH\Common.php(1184): CodeIgniter\View\View->render('category/category_data', [], true)
 3 APPPATH\Views\templates\main.php(12): view('category/category_data')
 4 SYSTEMPATH\View\View.php(213): include('APPPATH\\Views\\templates\\main.php')
 5 SYSTEMPATH\View\View.php(216): CodeIgniter\View\View->CodeIgniter\View\{closure}()
 6 SYSTEMPATH\Common.php(1184): CodeIgniter\View\View->render('templates/main', [], true)
 7 APPPATH\Controllers\categoryController.php(11): view('templates/main', [...])
 8 SYSTEMPATH\CodeIgniter.php(934): App\Controllers\categoryController->index()
 9 SYSTEMPATH\CodeIgniter.php(499): CodeIgniter\CodeIgniter->runController(Object(App\Controllers\categoryController))
10 SYSTEMPATH\CodeIgniter.php(368): CodeIgniter\CodeIgniter->handleRequest(null, Object(Config\Cache), false)
11 FCPATH\index.php(67): CodeIgniter\CodeIgniter->run()
CRITICAL - 2023-02-24 14:01:34 --> Invalid file: "category/category_data.php"
in SYSTEMPATH\Exceptions\FrameworkException.php on line 33.
 1 SYSTEMPATH\View\View.php(201): CodeIgniter\Exceptions\FrameworkException::forInvalidFile('category/category_data.php')
 2 SYSTEMPATH\Common.php(1184): CodeIgniter\View\View->render('category/category_data', [], true)
 3 APPPATH\Views\templates\main.php(12): view('category/category_data')
 4 SYSTEMPATH\View\View.php(213): include('APPPATH\\Views\\templates\\main.php')
 5 SYSTEMPATH\View\View.php(216): CodeIgniter\View\View->CodeIgniter\View\{closure}()
 6 SYSTEMPATH\Common.php(1184): CodeIgniter\View\View->render('templates/main', [], true)
 7 APPPATH\Controllers\categoryController.php(11): view('templates/main', [...])
 8 SYSTEMPATH\CodeIgniter.php(934): App\Controllers\categoryController->index()
 9 SYSTEMPATH\CodeIgniter.php(499): CodeIgniter\CodeIgniter->runController(Object(App\Controllers\categoryController))
10 SYSTEMPATH\CodeIgniter.php(368): CodeIgniter\CodeIgniter->handleRequest(null, Object(Config\Cache), false)
11 FCPATH\index.php(67): CodeIgniter\CodeIgniter->run()
CRITICAL - 2023-02-24 14:01:34 --> Invalid file: "category/category_data.php"
in SYSTEMPATH\Exceptions\FrameworkException.php on line 33.
 1 SYSTEMPATH\View\View.php(201): CodeIgniter\Exceptions\FrameworkException::forInvalidFile('category/category_data.php')
 2 SYSTEMPATH\Common.php(1184): CodeIgniter\View\View->render('category/category_data', [], true)
 3 APPPATH\Views\templates\main.php(12): view('category/category_data')
 4 SYSTEMPATH\View\View.php(213): include('APPPATH\\Views\\templates\\main.php')
 5 SYSTEMPATH\View\View.php(216): CodeIgniter\View\View->CodeIgniter\View\{closure}()
 6 SYSTEMPATH\Common.php(1184): CodeIgniter\View\View->render('templates/main', [], true)
 7 APPPATH\Controllers\categoryController.php(11): view('templates/main', [...])
 8 SYSTEMPATH\CodeIgniter.php(934): App\Controllers\categoryController->index()
 9 SYSTEMPATH\CodeIgniter.php(499): CodeIgniter\CodeIgniter->runController(Object(App\Controllers\categoryController))
10 SYSTEMPATH\CodeIgniter.php(368): CodeIgniter\CodeIgniter->handleRequest(null, Object(Config\Cache), false)
11 FCPATH\index.php(67): CodeIgniter\CodeIgniter->run()
CRITICAL - 2023-02-24 14:03:00 --> Undefined variable $categories
in APPPATH\Views\category\category_view.php on line 15.
 1 APPPATH\Views\category\category_view.php(15): CodeIgniter\Debug\Exceptions->errorHandler(2, 'Undefined variable $categories', 'APPPATH\\Views\\category\\category_view.php', 15)
 2 SYSTEMPATH\View\View.php(213): include('APPPATH\\Views\\category\\category_view.php')
 3 SYSTEMPATH\View\View.php(216): CodeIgniter\View\View->CodeIgniter\View\{closure}()
 4 SYSTEMPATH\Common.php(1184): CodeIgniter\View\View->render('category/category_view', [], true)
 5 APPPATH\Views\templates\main.php(12): view('category/category_view')
 6 SYSTEMPATH\View\View.php(213): include('APPPATH\\Views\\templates\\main.php')
 7 SYSTEMPATH\View\View.php(216): CodeIgniter\View\View->CodeIgniter\View\{closure}()
 8 SYSTEMPATH\Common.php(1184): CodeIgniter\View\View->render('templates/main', [], true)
 9 APPPATH\Controllers\categoryController.php(11): view('templates/main', [...])
10 SYSTEMPATH\CodeIgniter.php(934): App\Controllers\categoryController->index()
11 SYSTEMPATH\CodeIgniter.php(499): CodeIgniter\CodeIgniter->runController(Object(App\Controllers\categoryController))
12 SYSTEMPATH\CodeIgniter.php(368): CodeIgniter\CodeIgniter->handleRequest(null, Object(Config\Cache), false)
13 FCPATH\index.php(67): CodeIgniter\CodeIgniter->run()
CRITICAL - 2023-02-24 14:03:00 --> Undefined variable $categories
in APPPATH\Views\category\category_view.php on line 15.
 1 APPPATH\Views\category\category_view.php(15): CodeIgniter\Debug\Exceptions->errorHandler(2, 'Undefined variable $categories', 'APPPATH\\Views\\category\\category_view.php', 15)
 2 SYSTEMPATH\View\View.php(213): include('APPPATH\\Views\\category\\category_view.php')
 3 SYSTEMPATH\View\View.php(216): CodeIgniter\View\View->CodeIgniter\View\{closure}()
 4 SYSTEMPATH\Common.php(1184): CodeIgniter\View\View->render('category/category_view', [], true)
 5 APPPATH\Views\templates\main.php(12): view('category/category_view')
 6 SYSTEMPATH\View\View.php(213): include('APPPATH\\Views\\templates\\main.php')
 7 SYSTEMPATH\View\View.php(216): CodeIgniter\View\View->CodeIgniter\View\{closure}()
 8 SYSTEMPATH\Common.php(1184): CodeIgniter\View\View->render('templates/main', [], true)
 9 APPPATH\Controllers\categoryController.php(11): view('templates/main', [...])
10 SYSTEMPATH\CodeIgniter.php(934): App\Controllers\categoryController->index()
11 SYSTEMPATH\CodeIgniter.php(499): CodeIgniter\CodeIgniter->runController(Object(App\Controllers\categoryController))
12 SYSTEMPATH\CodeIgniter.php(368): CodeIgniter\CodeIgniter->handleRequest(null, Object(Config\Cache), false)
13 FCPATH\index.php(67): CodeIgniter\CodeIgniter->run()
CRITICAL - 2023-02-24 14:03:00 --> Undefined variable $categories
in APPPATH\Views\category\category_view.php on line 15.
 1 APPPATH\Views\category\category_view.php(15): CodeIgniter\Debug\Exceptions->errorHandler(2, 'Undefined variable $categories', 'APPPATH\\Views\\category\\category_view.php', 15)
 2 SYSTEMPATH\View\View.php(213): include('APPPATH\\Views\\category\\category_view.php')
 3 SYSTEMPATH\View\View.php(216): CodeIgniter\View\View->CodeIgniter\View\{closure}()
 4 SYSTEMPATH\Common.php(1184): CodeIgniter\View\View->render('category/category_view', [], true)
 5 APPPATH\Views\templates\main.php(12): view('category/category_view')
 6 SYSTEMPATH\View\View.php(213): include('APPPATH\\Views\\templates\\main.php')
 7 SYSTEMPATH\View\View.php(216): CodeIgniter\View\View->CodeIgniter\View\{closure}()
 8 SYSTEMPATH\Common.php(1184): CodeIgniter\View\View->render('templates/main', [], true)
 9 APPPATH\Controllers\categoryController.php(11): view('templates/main', [...])
10 SYSTEMPATH\CodeIgniter.php(934): App\Controllers\categoryController->index()
11 SYSTEMPATH\CodeIgniter.php(499): CodeIgniter\CodeIgniter->runController(Object(App\Controllers\categoryController))
12 SYSTEMPATH\CodeIgniter.php(368): CodeIgniter\CodeIgniter->handleRequest(null, Object(Config\Cache), false)
13 FCPATH\index.php(67): CodeIgniter\CodeIgniter->run()
